[0.064s] DEBUG:colcon:Command line arguments: ['/usr/bin/colcon', 'build', '--merge-install']
[0.065s] DEBUG:colcon:Parsed command line arguments: Namespace(log_base=None, log_level=None, verb_name='build', build_base='build', install_base='install', merge_install=True, symlink_install=False, test_result_base=None, continue_on_error=False, executor='parallel', parallel_workers=12, event_handlers=None, ignore_user_meta=False, metas=['./colcon.meta'], base_paths=['.'], packages_ignore=None, packages_ignore_regex=None, paths=None, packages_up_to=None, packages_up_to_regex=None, packages_above=None, packages_above_and_dependencies=None, packages_above_depth=None, packages_select_by_dep=None, packages_skip_by_dep=None, packages_skip_up_to=None, packages_select_build_failed=False, packages_skip_build_finished=False, packages_select_test_failures=False, packages_skip_test_passed=False, packages_select=None, packages_skip=None, packages_select_regex=None, packages_skip_regex=None, packages_start=None, packages_end=None, allow_overriding=[], cmake_args=None, cmake_target=None, cmake_target_skip_unavailable=False, cmake_clean_cache=False, cmake_clean_first=False, cmake_force_configure=False, ament_cmake_args=None, catkin_cmake_args=None, catkin_skip_building_tests=False, mixin_files=None, mixin=None, verb_parser=<colcon_mixin.mixin.mixin_argument.MixinArgumentDecorator object at 0x721acf54d5d0>, verb_extension=<colcon_core.verb.build.BuildVerb object at 0x721acf54d090>, main=<bound method BuildVerb.main of <colcon_core.verb.build.BuildVerb object at 0x721acf54d090>>, mixin_verb=('build',))
[0.144s] Level 1:colcon.colcon_core.package_discovery:discover_packages(colcon_meta) check parameters
[0.145s] Level 1:colcon.colcon_core.package_discovery:discover_packages(recursive) check parameters
[0.145s] Level 1:colcon.colcon_core.package_discovery:discover_packages(ignore) check parameters
[0.145s] Level 1:colcon.colcon_core.package_discovery:discover_packages(path) check parameters
[0.145s] Level 1:colcon.colcon_core.package_discovery:discover_packages(colcon_meta) discover
[0.145s] Level 1:colcon.colcon_core.package_discovery:discover_packages(recursive) discover
[0.145s] INFO:colcon.colcon_core.package_discovery:Crawling recursively for packages in '/home/lizhou/Desktop/Humanoid/H10_W/h10_sdk/H10w_controller'
[0.145s] Level 1:colcon.colcon_core.package_identification:_identify(.) by extensions ['ignore', 'ignore_ament_install']
[0.145s] Level 1:colcon.colcon_core.package_identification:_identify(.) by extension 'ignore'
[0.145s] Level 1:colcon.colcon_core.package_identification:_identify(.) by extension 'ignore_ament_install'
[0.145s] Level 1:colcon.colcon_core.package_identification:_identify(.) by extensions ['colcon_pkg']
[0.145s] Level 1:colcon.colcon_core.package_identification:_identify(.) by extension 'colcon_pkg'
[0.145s] Level 1:colcon.colcon_core.package_identification:_identify(.) by extensions ['colcon_meta']
[0.145s] Level 1:colcon.colcon_core.package_identification:_identify(.) by extension 'colcon_meta'
[0.145s] Level 1:colcon.colcon_core.package_identification:_identify(.) by extensions ['ros']
[0.145s] Level 1:colcon.colcon_core.package_identification:_identify(.) by extension 'ros'
[0.154s] DEBUG:colcon.colcon_core.package_identification:Package '.' with type 'ros.ament_cmake' and name 'h10w_controller_test'
[0.155s] Level 1:colcon.colcon_core.package_discovery:discover_packages(recursive) using defaults
[0.155s] Level 1:colcon.colcon_core.package_discovery:discover_packages(ignore) discover
[0.155s] Level 1:colcon.colcon_core.package_discovery:discover_packages(ignore) using defaults
[0.155s] Level 1:colcon.colcon_core.package_discovery:discover_packages(path) discover
[0.155s] Level 1:colcon.colcon_core.package_discovery:discover_packages(path) using defaults
[0.175s] Level 1:colcon.colcon_core.package_discovery:discover_packages(prefix_path) check parameters
[0.175s] Level 1:colcon.colcon_core.package_discovery:discover_packages(prefix_path) discover
[0.176s] DEBUG:colcon.colcon_installed_package_information.package_discovery:Found 1 installed packages in /home/lizhou/Desktop/Humanoid/H10_W/h10_sdk/H10w_controller/install
[0.176s] DEBUG:colcon.colcon_installed_package_information.package_discovery:Found 1 installed packages in /home/lizhou/Desktop/Humanoid/H10_W/h10_sdk/H10w_controller/fastdds_ws/install
[0.177s] DEBUG:colcon.colcon_installed_package_information.package_discovery:Found 278 installed packages in /opt/ros/humble
[0.178s] Level 1:colcon.colcon_core.package_discovery:discover_packages(prefix_path) using defaults
[0.197s] Level 5:colcon.colcon_core.verb:set package 'h10w_controller_test' build argument 'cmake_args' from command line to 'None'
[0.197s] Level 5:colcon.colcon_core.verb:set package 'h10w_controller_test' build argument 'cmake_target' from command line to 'None'
[0.197s] Level 5:colcon.colcon_core.verb:set package 'h10w_controller_test' build argument 'cmake_target_skip_unavailable' from command line to 'False'
[0.197s] Level 5:colcon.colcon_core.verb:set package 'h10w_controller_test' build argument 'cmake_clean_cache' from command line to 'False'
[0.197s] Level 5:colcon.colcon_core.verb:set package 'h10w_controller_test' build argument 'cmake_clean_first' from command line to 'False'
[0.197s] Level 5:colcon.colcon_core.verb:set package 'h10w_controller_test' build argument 'cmake_force_configure' from command line to 'False'
[0.197s] Level 5:colcon.colcon_core.verb:set package 'h10w_controller_test' build argument 'ament_cmake_args' from command line to 'None'
[0.197s] Level 5:colcon.colcon_core.verb:set package 'h10w_controller_test' build argument 'catkin_cmake_args' from command line to 'None'
[0.197s] Level 5:colcon.colcon_core.verb:set package 'h10w_controller_test' build argument 'catkin_skip_building_tests' from command line to 'False'
[0.197s] DEBUG:colcon.colcon_core.verb:Building package 'h10w_controller_test' with the following arguments: {'ament_cmake_args': None, 'build_base': '/home/lizhou/Desktop/Humanoid/H10_W/h10_sdk/H10w_controller/build/h10w_controller_test', 'catkin_cmake_args': None, 'catkin_skip_building_tests': False, 'cmake_args': None, 'cmake_clean_cache': False, 'cmake_clean_first': False, 'cmake_force_configure': False, 'cmake_target': None, 'cmake_target_skip_unavailable': False, 'install_base': '/home/lizhou/Desktop/Humanoid/H10_W/h10_sdk/H10w_controller/install', 'merge_install': True, 'path': '/home/lizhou/Desktop/Humanoid/H10_W/h10_sdk/H10w_controller', 'symlink_install': False, 'test_result_base': None}
[0.197s] INFO:colcon.colcon_core.executor:Executing jobs using 'parallel' executor
[0.198s] DEBUG:colcon.colcon_parallel_executor.executor.parallel:run_until_complete
[0.198s] INFO:colcon.colcon_ros.task.ament_cmake.build:Building ROS package in '/home/lizhou/Desktop/Humanoid/H10_W/h10_sdk/H10w_controller' with build type 'ament_cmake'
[0.198s] INFO:colcon.colcon_cmake.task.cmake.build:Building CMake package in '/home/lizhou/Desktop/Humanoid/H10_W/h10_sdk/H10w_controller'
[0.200s] INFO:colcon.colcon_core.plugin_system:Skipping extension 'colcon_core.shell.bat': Not used on non-Windows systems
[0.200s] INFO:colcon.colcon_core.shell:Skip shell extension 'powershell' for command environment: Not usable outside of PowerShell
[0.200s] DEBUG:colcon.colcon_core.shell:Skip shell extension 'dsv' for command environment
[0.207s] DEBUG:colcon.colcon_core.event_handler.log_command:Invoking command in '/home/lizhou/Desktop/Humanoid/H10_W/h10_sdk/H10w_controller/build/h10w_controller_test': CMAKE_PREFIX_PATH=${CMAKE_PREFIX_PATH}:/opt/ros/humble /usr/bin/cmake --build /home/lizhou/Desktop/Humanoid/H10_W/h10_sdk/H10w_controller/build/h10w_controller_test -- -j12 -l12
[2.927s] DEBUG:colcon.colcon_core.event_handler.log_command:Invoked command in '/home/lizhou/Desktop/Humanoid/H10_W/h10_sdk/H10w_controller/build/h10w_controller_test' returned '0': CMAKE_PREFIX_PATH=${CMAKE_PREFIX_PATH}:/opt/ros/humble /usr/bin/cmake --build /home/lizhou/Desktop/Humanoid/H10_W/h10_sdk/H10w_controller/build/h10w_controller_test -- -j12 -l12
[2.936s] DEBUG:colcon.colcon_core.event_handler.log_command:Invoking command in '/home/lizhou/Desktop/Humanoid/H10_W/h10_sdk/H10w_controller/build/h10w_controller_test': CMAKE_PREFIX_PATH=${CMAKE_PREFIX_PATH}:/opt/ros/humble /usr/bin/cmake --install /home/lizhou/Desktop/Humanoid/H10_W/h10_sdk/H10w_controller/build/h10w_controller_test
[2.959s] Level 1:colcon.colcon_core.environment:create_environment_scripts_only(h10w_controller_test)
[2.960s] DEBUG:colcon.colcon_core.event_handler.log_command:Invoked command in '/home/lizhou/Desktop/Humanoid/H10_W/h10_sdk/H10w_controller/build/h10w_controller_test' returned '0': CMAKE_PREFIX_PATH=${CMAKE_PREFIX_PATH}:/opt/ros/humble /usr/bin/cmake --install /home/lizhou/Desktop/Humanoid/H10_W/h10_sdk/H10w_controller/build/h10w_controller_test
[2.963s] Level 1:colcon.colcon_core.environment:checking '/home/lizhou/Desktop/Humanoid/H10_W/h10_sdk/H10w_controller/install' for CMake module files
[2.963s] Level 1:colcon.colcon_core.environment:checking '/home/lizhou/Desktop/Humanoid/H10_W/h10_sdk/H10w_controller/install' for CMake config files
[2.963s] Level 1:colcon.colcon_core.shell:create_environment_hook('h10w_controller_test', 'cmake_prefix_path')
[2.964s] INFO:colcon.colcon_core.shell:Creating environment hook '/home/lizhou/Desktop/Humanoid/H10_W/h10_sdk/H10w_controller/install/share/h10w_controller_test/hook/cmake_prefix_path.ps1'
[2.964s] INFO:colcon.colcon_core.shell:Creating environment descriptor '/home/lizhou/Desktop/Humanoid/H10_W/h10_sdk/H10w_controller/install/share/h10w_controller_test/hook/cmake_prefix_path.dsv'
[2.965s] INFO:colcon.colcon_core.shell:Creating environment hook '/home/lizhou/Desktop/Humanoid/H10_W/h10_sdk/H10w_controller/install/share/h10w_controller_test/hook/cmake_prefix_path.sh'
[2.966s] Level 1:colcon.colcon_core.environment:checking '/home/lizhou/Desktop/Humanoid/H10_W/h10_sdk/H10w_controller/install/lib'
[2.966s] Level 1:colcon.colcon_core.environment:checking '/home/lizhou/Desktop/Humanoid/H10_W/h10_sdk/H10w_controller/install/bin'
[2.966s] Level 1:colcon.colcon_core.environment:checking '/home/lizhou/Desktop/Humanoid/H10_W/h10_sdk/H10w_controller/install/lib/pkgconfig/h10w_controller_test.pc'
[2.966s] Level 1:colcon.colcon_core.environment:checking '/home/lizhou/Desktop/Humanoid/H10_W/h10_sdk/H10w_controller/install/lib/python3.10/site-packages'
[2.966s] Level 1:colcon.colcon_core.environment:checking '/home/lizhou/Desktop/Humanoid/H10_W/h10_sdk/H10w_controller/install/bin'
[2.967s] INFO:colcon.colcon_core.shell:Creating package script '/home/lizhou/Desktop/Humanoid/H10_W/h10_sdk/H10w_controller/install/share/h10w_controller_test/package.ps1'
[2.967s] INFO:colcon.colcon_core.shell:Creating package descriptor '/home/lizhou/Desktop/Humanoid/H10_W/h10_sdk/H10w_controller/install/share/h10w_controller_test/package.dsv'
[2.968s] INFO:colcon.colcon_core.shell:Creating package script '/home/lizhou/Desktop/Humanoid/H10_W/h10_sdk/H10w_controller/install/share/h10w_controller_test/package.sh'
[2.968s] INFO:colcon.colcon_core.shell:Creating package script '/home/lizhou/Desktop/Humanoid/H10_W/h10_sdk/H10w_controller/install/share/h10w_controller_test/package.bash'
[2.969s] INFO:colcon.colcon_core.shell:Creating package script '/home/lizhou/Desktop/Humanoid/H10_W/h10_sdk/H10w_controller/install/share/h10w_controller_test/package.zsh'
[2.970s] Level 1:colcon.colcon_core.environment:create_file_with_runtime_dependencies(/home/lizhou/Desktop/Humanoid/H10_W/h10_sdk/H10w_controller/install/share/colcon-core/packages/h10w_controller_test)
[2.970s] Level 1:colcon.colcon_core.environment:create_environment_scripts_only(h10w_controller_test)
[2.971s] Level 1:colcon.colcon_core.environment:checking '/home/lizhou/Desktop/Humanoid/H10_W/h10_sdk/H10w_controller/install' for CMake module files
[2.971s] Level 1:colcon.colcon_core.environment:checking '/home/lizhou/Desktop/Humanoid/H10_W/h10_sdk/H10w_controller/install' for CMake config files
[2.971s] Level 1:colcon.colcon_core.shell:create_environment_hook('h10w_controller_test', 'cmake_prefix_path')
[2.971s] INFO:colcon.colcon_core.shell:Creating environment hook '/home/lizhou/Desktop/Humanoid/H10_W/h10_sdk/H10w_controller/install/share/h10w_controller_test/hook/cmake_prefix_path.ps1'
[2.972s] INFO:colcon.colcon_core.shell:Creating environment descriptor '/home/lizhou/Desktop/Humanoid/H10_W/h10_sdk/H10w_controller/install/share/h10w_controller_test/hook/cmake_prefix_path.dsv'
[2.972s] INFO:colcon.colcon_core.shell:Creating environment hook '/home/lizhou/Desktop/Humanoid/H10_W/h10_sdk/H10w_controller/install/share/h10w_controller_test/hook/cmake_prefix_path.sh'
[2.972s] Level 1:colcon.colcon_core.environment:checking '/home/lizhou/Desktop/Humanoid/H10_W/h10_sdk/H10w_controller/install/lib'
[2.973s] Level 1:colcon.colcon_core.environment:checking '/home/lizhou/Desktop/Humanoid/H10_W/h10_sdk/H10w_controller/install/bin'
[2.973s] Level 1:colcon.colcon_core.environment:checking '/home/lizhou/Desktop/Humanoid/H10_W/h10_sdk/H10w_controller/install/lib/pkgconfig/h10w_controller_test.pc'
[2.973s] Level 1:colcon.colcon_core.environment:checking '/home/lizhou/Desktop/Humanoid/H10_W/h10_sdk/H10w_controller/install/lib/python3.10/site-packages'
[2.973s] Level 1:colcon.colcon_core.environment:checking '/home/lizhou/Desktop/Humanoid/H10_W/h10_sdk/H10w_controller/install/bin'
[2.973s] INFO:colcon.colcon_core.shell:Creating package script '/home/lizhou/Desktop/Humanoid/H10_W/h10_sdk/H10w_controller/install/share/h10w_controller_test/package.ps1'
[2.974s] INFO:colcon.colcon_core.shell:Creating package descriptor '/home/lizhou/Desktop/Humanoid/H10_W/h10_sdk/H10w_controller/install/share/h10w_controller_test/package.dsv'
[2.974s] INFO:colcon.colcon_core.shell:Creating package script '/home/lizhou/Desktop/Humanoid/H10_W/h10_sdk/H10w_controller/install/share/h10w_controller_test/package.sh'
[2.975s] INFO:colcon.colcon_core.shell:Creating package script '/home/lizhou/Desktop/Humanoid/H10_W/h10_sdk/H10w_controller/install/share/h10w_controller_test/package.bash'
[2.975s] INFO:colcon.colcon_core.shell:Creating package script '/home/lizhou/Desktop/Humanoid/H10_W/h10_sdk/H10w_controller/install/share/h10w_controller_test/package.zsh'
[2.975s] Level 1:colcon.colcon_core.environment:create_file_with_runtime_dependencies(/home/lizhou/Desktop/Humanoid/H10_W/h10_sdk/H10w_controller/install/share/colcon-core/packages/h10w_controller_test)
[2.976s] DEBUG:colcon.colcon_parallel_executor.executor.parallel:closing loop
[2.977s] DEBUG:colcon.colcon_parallel_executor.executor.parallel:loop closed
[2.977s] DEBUG:colcon.colcon_parallel_executor.executor.parallel:run_until_complete finished with '0'
[2.977s] DEBUG:colcon.colcon_core.event_reactor:joining thread
[2.982s] INFO:colcon.colcon_core.plugin_system:Skipping extension 'colcon_notification.desktop_notification.terminal_notifier': Not used on non-Darwin systems
[2.982s] INFO:colcon.colcon_core.plugin_system:Skipping extension 'colcon_notification.desktop_notification.win32': Not used on non-Windows systems
[2.982s] INFO:colcon.colcon_notification.desktop_notification:Sending desktop notification using 'notify2'
[2.991s] DEBUG:colcon.colcon_core.event_reactor:joined thread
[2.991s] INFO:colcon.colcon_core.shell:Creating prefix script '/home/lizhou/Desktop/Humanoid/H10_W/h10_sdk/H10w_controller/install/local_setup.ps1'
[2.992s] INFO:colcon.colcon_core.shell:Creating prefix util module '/home/lizhou/Desktop/Humanoid/H10_W/h10_sdk/H10w_controller/install/_local_setup_util_ps1.py'
[2.994s] INFO:colcon.colcon_core.shell:Creating prefix chain script '/home/lizhou/Desktop/Humanoid/H10_W/h10_sdk/H10w_controller/install/setup.ps1'
[2.995s] INFO:colcon.colcon_core.shell:Creating prefix script '/home/lizhou/Desktop/Humanoid/H10_W/h10_sdk/H10w_controller/install/local_setup.sh'
[2.996s] INFO:colcon.colcon_core.shell:Creating prefix util module '/home/lizhou/Desktop/Humanoid/H10_W/h10_sdk/H10w_controller/install/_local_setup_util_sh.py'
[2.996s] INFO:colcon.colcon_core.shell:Creating prefix chain script '/home/lizhou/Desktop/Humanoid/H10_W/h10_sdk/H10w_controller/install/setup.sh'
[2.997s] INFO:colcon.colcon_core.shell:Creating prefix script '/home/lizhou/Desktop/Humanoid/H10_W/h10_sdk/H10w_controller/install/local_setup.bash'
[2.998s] INFO:colcon.colcon_core.shell:Creating prefix chain script '/home/lizhou/Desktop/Humanoid/H10_W/h10_sdk/H10w_controller/install/setup.bash'
[2.998s] INFO:colcon.colcon_core.shell:Creating prefix script '/home/lizhou/Desktop/Humanoid/H10_W/h10_sdk/H10w_controller/install/local_setup.zsh'
[2.999s] INFO:colcon.colcon_core.shell:Creating prefix chain script '/home/lizhou/Desktop/Humanoid/H10_W/h10_sdk/H10w_controller/install/setup.zsh'
