[0.157s] DEBUG:colcon:Command line arguments: ['/usr/bin/colcon', 'build', '--merge-install']
[0.157s] DEBUG:colcon:Parsed command line arguments: Namespace(log_base=None, log_level=None, verb_name='build', build_base='build', install_base='install', merge_install=True, symlink_install=False, test_result_base=None, continue_on_error=False, executor='parallel', parallel_workers=12, event_handlers=None, ignore_user_meta=False, metas=['./colcon.meta'], base_paths=['.'], packages_ignore=None, packages_ignore_regex=None, paths=None, packages_up_to=None, packages_up_to_regex=None, packages_above=None, packages_above_and_dependencies=None, packages_above_depth=None, packages_select_by_dep=None, packages_skip_by_dep=None, packages_skip_up_to=None, packages_select_build_failed=False, packages_skip_build_finished=False, packages_select_test_failures=False, packages_skip_test_passed=False, packages_select=None, packages_skip=None, packages_select_regex=None, packages_skip_regex=None, packages_start=None, packages_end=None, allow_overriding=[], cmake_args=None, cmake_target=None, cmake_target_skip_unavailable=False, cmake_clean_cache=False, cmake_clean_first=False, cmake_force_configure=False, ament_cmake_args=None, catkin_cmake_args=None, catkin_skip_building_tests=False, mixin_files=None, mixin=None, verb_parser=<colcon_mixin.mixin.mixin_argument.MixinArgumentDecorator object at 0x7c53b4465600>, verb_extension=<colcon_core.verb.build.BuildVerb object at 0x7c53b44650c0>, main=<bound method BuildVerb.main of <colcon_core.verb.build.BuildVerb object at 0x7c53b44650c0>>, mixin_verb=('build',))
[0.392s] Level 1:colcon.colcon_core.package_discovery:discover_packages(colcon_meta) check parameters
[0.392s] Level 1:colcon.colcon_core.package_discovery:discover_packages(recursive) check parameters
[0.392s] Level 1:colcon.colcon_core.package_discovery:discover_packages(ignore) check parameters
[0.392s] Level 1:colcon.colcon_core.package_discovery:discover_packages(path) check parameters
[0.392s] Level 1:colcon.colcon_core.package_discovery:discover_packages(colcon_meta) discover
[0.392s] Level 1:colcon.colcon_core.package_discovery:discover_packages(recursive) discover
[0.392s] INFO:colcon.colcon_core.package_discovery:Crawling recursively for packages in '/home/lizhou/Desktop/Humanoid/H10_W/h10_sdk/H10w_controller'
[0.392s] Level 1:colcon.colcon_core.package_identification:_identify(.) by extensions ['ignore', 'ignore_ament_install']
[0.393s] Level 1:colcon.colcon_core.package_identification:_identify(.) by extension 'ignore'
[0.393s] Level 1:colcon.colcon_core.package_identification:_identify(.) by extension 'ignore_ament_install'
[0.393s] Level 1:colcon.colcon_core.package_identification:_identify(.) by extensions ['colcon_pkg']
[0.393s] Level 1:colcon.colcon_core.package_identification:_identify(.) by extension 'colcon_pkg'
[0.393s] Level 1:colcon.colcon_core.package_identification:_identify(.) by extensions ['colcon_meta']
[0.393s] Level 1:colcon.colcon_core.package_identification:_identify(.) by extension 'colcon_meta'
[0.393s] Level 1:colcon.colcon_core.package_identification:_identify(.) by extensions ['ros']
[0.393s] Level 1:colcon.colcon_core.package_identification:_identify(.) by extension 'ros'
[0.408s] DEBUG:colcon.colcon_core.package_identification:Package '.' with type 'ros.ament_cmake' and name 'h10w_controller_test'
[0.409s] Level 1:colcon.colcon_core.package_discovery:discover_packages(recursive) using defaults
[0.409s] Level 1:colcon.colcon_core.package_discovery:discover_packages(ignore) discover
[0.409s] Level 1:colcon.colcon_core.package_discovery:discover_packages(ignore) using defaults
[0.409s] Level 1:colcon.colcon_core.package_discovery:discover_packages(path) discover
[0.409s] Level 1:colcon.colcon_core.package_discovery:discover_packages(path) using defaults
[0.453s] Level 1:colcon.colcon_core.package_discovery:discover_packages(prefix_path) check parameters
[0.453s] Level 1:colcon.colcon_core.package_discovery:discover_packages(prefix_path) discover
[0.456s] DEBUG:colcon.colcon_installed_package_information.package_discovery:Found 1 installed packages in /home/lizhou/Desktop/Humanoid/H10_W/h10_sdk/H10w_controller/fastdds_ws/install
[0.458s] DEBUG:colcon.colcon_installed_package_information.package_discovery:Found 278 installed packages in /opt/ros/humble
[0.459s] Level 1:colcon.colcon_core.package_discovery:discover_packages(prefix_path) using defaults
[0.515s] Level 5:colcon.colcon_core.verb:set package 'h10w_controller_test' build argument 'cmake_args' from command line to 'None'
[0.515s] Level 5:colcon.colcon_core.verb:set package 'h10w_controller_test' build argument 'cmake_target' from command line to 'None'
[0.515s] Level 5:colcon.colcon_core.verb:set package 'h10w_controller_test' build argument 'cmake_target_skip_unavailable' from command line to 'False'
[0.515s] Level 5:colcon.colcon_core.verb:set package 'h10w_controller_test' build argument 'cmake_clean_cache' from command line to 'False'
[0.515s] Level 5:colcon.colcon_core.verb:set package 'h10w_controller_test' build argument 'cmake_clean_first' from command line to 'False'
[0.515s] Level 5:colcon.colcon_core.verb:set package 'h10w_controller_test' build argument 'cmake_force_configure' from command line to 'False'
[0.515s] Level 5:colcon.colcon_core.verb:set package 'h10w_controller_test' build argument 'ament_cmake_args' from command line to 'None'
[0.515s] Level 5:colcon.colcon_core.verb:set package 'h10w_controller_test' build argument 'catkin_cmake_args' from command line to 'None'
[0.515s] Level 5:colcon.colcon_core.verb:set package 'h10w_controller_test' build argument 'catkin_skip_building_tests' from command line to 'False'
[0.515s] DEBUG:colcon.colcon_core.verb:Building package 'h10w_controller_test' with the following arguments: {'ament_cmake_args': None, 'build_base': '/home/lizhou/Desktop/Humanoid/H10_W/h10_sdk/H10w_controller/build/h10w_controller_test', 'catkin_cmake_args': None, 'catkin_skip_building_tests': False, 'cmake_args': None, 'cmake_clean_cache': False, 'cmake_clean_first': False, 'cmake_force_configure': False, 'cmake_target': None, 'cmake_target_skip_unavailable': False, 'install_base': '/home/lizhou/Desktop/Humanoid/H10_W/h10_sdk/H10w_controller/install', 'merge_install': True, 'path': '/home/lizhou/Desktop/Humanoid/H10_W/h10_sdk/H10w_controller', 'symlink_install': False, 'test_result_base': None}
[0.515s] INFO:colcon.colcon_core.executor:Executing jobs using 'parallel' executor
[0.518s] DEBUG:colcon.colcon_parallel_executor.executor.parallel:run_until_complete
[0.518s] INFO:colcon.colcon_ros.task.ament_cmake.build:Building ROS package in '/home/lizhou/Desktop/Humanoid/H10_W/h10_sdk/H10w_controller' with build type 'ament_cmake'
[0.518s] INFO:colcon.colcon_cmake.task.cmake.build:Building CMake package in '/home/lizhou/Desktop/Humanoid/H10_W/h10_sdk/H10w_controller'
[0.522s] INFO:colcon.colcon_core.plugin_system:Skipping extension 'colcon_core.shell.bat': Not used on non-Windows systems
[0.522s] INFO:colcon.colcon_core.shell:Skip shell extension 'powershell' for command environment: Not usable outside of PowerShell
[0.522s] DEBUG:colcon.colcon_core.shell:Skip shell extension 'dsv' for command environment
[0.532s] DEBUG:colcon.colcon_core.event_handler.log_command:Invoking command in '/home/lizhou/Desktop/Humanoid/H10_W/h10_sdk/H10w_controller/build/h10w_controller_test': CMAKE_PREFIX_PATH=${CMAKE_PREFIX_PATH}:/opt/ros/humble /usr/bin/cmake --build /home/lizhou/Desktop/Humanoid/H10_W/h10_sdk/H10w_controller/build/h10w_controller_test -- -j12 -l12
[27.567s] DEBUG:colcon.colcon_core.event_handler.log_command:Invoked command in '/home/lizhou/Desktop/Humanoid/H10_W/h10_sdk/H10w_controller/build/h10w_controller_test' returned '2': CMAKE_PREFIX_PATH=${CMAKE_PREFIX_PATH}:/opt/ros/humble /usr/bin/cmake --build /home/lizhou/Desktop/Humanoid/H10_W/h10_sdk/H10w_controller/build/h10w_controller_test -- -j12 -l12
[27.569s] Level 1:colcon.colcon_core.environment:create_environment_scripts_only(h10w_controller_test)
[27.572s] Level 1:colcon.colcon_core.environment:checking '/home/lizhou/Desktop/Humanoid/H10_W/h10_sdk/H10w_controller/install' for CMake module files
[27.573s] Level 1:colcon.colcon_core.environment:checking '/home/lizhou/Desktop/Humanoid/H10_W/h10_sdk/H10w_controller/install' for CMake config files
[27.574s] Level 1:colcon.colcon_core.environment:checking '/home/lizhou/Desktop/Humanoid/H10_W/h10_sdk/H10w_controller/install/bin'
[27.575s] Level 1:colcon.colcon_core.environment:checking '/home/lizhou/Desktop/Humanoid/H10_W/h10_sdk/H10w_controller/install/lib/pkgconfig/h10w_controller_test.pc'
[27.575s] Level 1:colcon.colcon_core.environment:checking '/home/lizhou/Desktop/Humanoid/H10_W/h10_sdk/H10w_controller/install/lib/python3.10/site-packages'
[27.575s] Level 1:colcon.colcon_core.environment:checking '/home/lizhou/Desktop/Humanoid/H10_W/h10_sdk/H10w_controller/install/bin'
[27.576s] INFO:colcon.colcon_core.shell:Creating package script '/home/lizhou/Desktop/Humanoid/H10_W/h10_sdk/H10w_controller/install/share/h10w_controller_test/package.ps1'
[27.577s] INFO:colcon.colcon_core.shell:Creating package descriptor '/home/lizhou/Desktop/Humanoid/H10_W/h10_sdk/H10w_controller/install/share/h10w_controller_test/package.dsv'
[27.578s] INFO:colcon.colcon_core.shell:Creating package script '/home/lizhou/Desktop/Humanoid/H10_W/h10_sdk/H10w_controller/install/share/h10w_controller_test/package.sh'
[27.579s] INFO:colcon.colcon_core.shell:Creating package script '/home/lizhou/Desktop/Humanoid/H10_W/h10_sdk/H10w_controller/install/share/h10w_controller_test/package.bash'
[27.581s] INFO:colcon.colcon_core.shell:Creating package script '/home/lizhou/Desktop/Humanoid/H10_W/h10_sdk/H10w_controller/install/share/h10w_controller_test/package.zsh'
[27.582s] Level 1:colcon.colcon_core.environment:create_file_with_runtime_dependencies(/home/lizhou/Desktop/Humanoid/H10_W/h10_sdk/H10w_controller/install/share/colcon-core/packages/h10w_controller_test)
[27.593s] DEBUG:colcon.colcon_parallel_executor.executor.parallel:closing loop
[27.593s] DEBUG:colcon.colcon_parallel_executor.executor.parallel:loop closed
[27.593s] DEBUG:colcon.colcon_parallel_executor.executor.parallel:run_until_complete finished with '2'
[27.593s] DEBUG:colcon.colcon_core.event_reactor:joining thread
[27.602s] INFO:colcon.colcon_core.plugin_system:Skipping extension 'colcon_notification.desktop_notification.terminal_notifier': Not used on non-Darwin systems
[27.602s] INFO:colcon.colcon_core.plugin_system:Skipping extension 'colcon_notification.desktop_notification.win32': Not used on non-Windows systems
[27.602s] INFO:colcon.colcon_notification.desktop_notification:Sending desktop notification using 'notify2'
[27.623s] DEBUG:colcon.colcon_core.event_reactor:joined thread
[27.624s] INFO:colcon.colcon_core.shell:Creating prefix script '/home/lizhou/Desktop/Humanoid/H10_W/h10_sdk/H10w_controller/install/local_setup.ps1'
[27.626s] INFO:colcon.colcon_core.shell:Creating prefix util module '/home/lizhou/Desktop/Humanoid/H10_W/h10_sdk/H10w_controller/install/_local_setup_util_ps1.py'
[27.628s] INFO:colcon.colcon_core.shell:Creating prefix chain script '/home/lizhou/Desktop/Humanoid/H10_W/h10_sdk/H10w_controller/install/setup.ps1'
[27.631s] INFO:colcon.colcon_core.shell:Creating prefix script '/home/lizhou/Desktop/Humanoid/H10_W/h10_sdk/H10w_controller/install/local_setup.sh'
[27.632s] INFO:colcon.colcon_core.shell:Creating prefix util module '/home/lizhou/Desktop/Humanoid/H10_W/h10_sdk/H10w_controller/install/_local_setup_util_sh.py'
[27.633s] INFO:colcon.colcon_core.shell:Creating prefix chain script '/home/lizhou/Desktop/Humanoid/H10_W/h10_sdk/H10w_controller/install/setup.sh'
[27.635s] INFO:colcon.colcon_core.shell:Creating prefix script '/home/lizhou/Desktop/Humanoid/H10_W/h10_sdk/H10w_controller/install/local_setup.bash'
[27.636s] INFO:colcon.colcon_core.shell:Creating prefix chain script '/home/lizhou/Desktop/Humanoid/H10_W/h10_sdk/H10w_controller/install/setup.bash'
[27.638s] INFO:colcon.colcon_core.shell:Creating prefix script '/home/lizhou/Desktop/Humanoid/H10_W/h10_sdk/H10w_controller/install/local_setup.zsh'
[27.639s] INFO:colcon.colcon_core.shell:Creating prefix chain script '/home/lizhou/Desktop/Humanoid/H10_W/h10_sdk/H10w_controller/install/setup.zsh'
