[0.074s] DEBUG:colcon:Command line arguments: ['/usr/bin/colcon', 'build', '--packages-select', 'controller']
[0.074s] DEBUG:colcon:Parsed command line arguments: Namespace(log_base=None, log_level=None, verb_name='build', build_base='build', install_base='install', merge_install=False, symlink_install=False, test_result_base=None, continue_on_error=False, executor='parallel', parallel_workers=12, event_handlers=None, ignore_user_meta=False, metas=['./colcon.meta'], base_paths=['.'], packages_ignore=None, packages_ignore_regex=None, paths=None, packages_up_to=None, packages_up_to_regex=None, packages_above=None, packages_above_and_dependencies=None, packages_above_depth=None, packages_select_by_dep=None, packages_skip_by_dep=None, packages_skip_up_to=None, packages_select_build_failed=False, packages_skip_build_finished=False, packages_select_test_failures=False, packages_skip_test_passed=False, packages_select=['controller'], packages_skip=None, packages_select_regex=None, packages_skip_regex=None, packages_start=None, packages_end=None, allow_overriding=[], cmake_args=None, cmake_target=None, cmake_target_skip_unavailable=False, cmake_clean_cache=False, cmake_clean_first=False, cmake_force_configure=False, ament_cmake_args=None, catkin_cmake_args=None, catkin_skip_building_tests=False, mixin_files=None, mixin=None, verb_parser=<colcon_mixin.mixin.mixin_argument.MixinArgumentDecorator object at 0x7958c0b613c0>, verb_extension=<colcon_core.verb.build.BuildVerb object at 0x7958c0b60e80>, main=<bound method BuildVerb.main of <colcon_core.verb.build.BuildVerb object at 0x7958c0b60e80>>, mixin_verb=('build',))
[0.166s] Level 1:colcon.colcon_core.package_discovery:discover_packages(colcon_meta) check parameters
[0.166s] Level 1:colcon.colcon_core.package_discovery:discover_packages(recursive) check parameters
[0.166s] Level 1:colcon.colcon_core.package_discovery:discover_packages(ignore) check parameters
[0.166s] Level 1:colcon.colcon_core.package_discovery:discover_packages(path) check parameters
[0.166s] Level 1:colcon.colcon_core.package_discovery:discover_packages(colcon_meta) discover
[0.166s] Level 1:colcon.colcon_core.package_discovery:discover_packages(recursive) discover
[0.166s] INFO:colcon.colcon_core.package_discovery:Crawling recursively for packages in '/home/lizhou/Desktop/Humanoid/H10_W/h10_sdk/Controller/fastdds_ws'
[0.166s] Level 1:colcon.colcon_core.package_identification:_identify(.) by extensions ['ignore', 'ignore_ament_install']
[0.166s] Level 1:colcon.colcon_core.package_identification:_identify(.) by extension 'ignore'
[0.166s] Level 1:colcon.colcon_core.package_identification:_identify(.) by extension 'ignore_ament_install'
[0.166s] Level 1:colcon.colcon_core.package_identification:_identify(.) by extensions ['colcon_pkg']
[0.166s] Level 1:colcon.colcon_core.package_identification:_identify(.) by extension 'colcon_pkg'
[0.166s] Level 1:colcon.colcon_core.package_identification:_identify(.) by extensions ['colcon_meta']
[0.166s] Level 1:colcon.colcon_core.package_identification:_identify(.) by extension 'colcon_meta'
[0.166s] Level 1:colcon.colcon_core.package_identification:_identify(.) by extensions ['ros']
[0.166s] Level 1:colcon.colcon_core.package_identification:_identify(.) by extension 'ros'
[0.174s] Level 1:colcon.colcon_core.package_identification:_identify(.) by extensions ['cmake', 'python']
[0.174s] Level 1:colcon.colcon_core.package_identification:_identify(.) by extension 'cmake'
[0.174s] Level 1:colcon.colcon_core.package_identification:_identify(.) by extension 'python'
[0.174s] Level 1:colcon.colcon_core.package_identification:_identify(.) by extensions ['python_setup_py']
[0.174s] Level 1:colcon.colcon_core.package_identification:_identify(.) by extension 'python_setup_py'
[0.174s] Level 1:colcon.colcon_core.package_identification:_identify(build) by extensions ['ignore', 'ignore_ament_install']
[0.174s] Level 1:colcon.colcon_core.package_identification:_identify(build) by extension 'ignore'
[0.174s] Level 1:colcon.colcon_core.package_identification:_identify(build) ignored
[0.174s] Level 1:colcon.colcon_core.package_identification:_identify(install) by extensions ['ignore', 'ignore_ament_install']
[0.174s] Level 1:colcon.colcon_core.package_identification:_identify(install) by extension 'ignore'
[0.174s] Level 1:colcon.colcon_core.package_identification:_identify(install) ignored
[0.174s] Level 1:colcon.colcon_core.package_identification:_identify(log) by extensions ['ignore', 'ignore_ament_install']
[0.174s] Level 1:colcon.colcon_core.package_identification:_identify(log) by extension 'ignore'
[0.174s] Level 1:colcon.colcon_core.package_identification:_identify(log) ignored
[0.174s] Level 1:colcon.colcon_core.package_identification:_identify(src) by extensions ['ignore', 'ignore_ament_install']
[0.174s] Level 1:colcon.colcon_core.package_identification:_identify(src) by extension 'ignore'
[0.174s] Level 1:colcon.colcon_core.package_identification:_identify(src) by extension 'ignore_ament_install'
[0.174s] Level 1:colcon.colcon_core.package_identification:_identify(src) by extensions ['colcon_pkg']
[0.174s] Level 1:colcon.colcon_core.package_identification:_identify(src) by extension 'colcon_pkg'
[0.174s] Level 1:colcon.colcon_core.package_identification:_identify(src) by extensions ['colcon_meta']
[0.174s] Level 1:colcon.colcon_core.package_identification:_identify(src) by extension 'colcon_meta'
[0.174s] Level 1:colcon.colcon_core.package_identification:_identify(src) by extensions ['ros']
[0.174s] Level 1:colcon.colcon_core.package_identification:_identify(src) by extension 'ros'
[0.174s] Level 1:colcon.colcon_core.package_identification:_identify(src) by extensions ['cmake', 'python']
[0.175s] Level 1:colcon.colcon_core.package_identification:_identify(src) by extension 'cmake'
[0.175s] Level 1:colcon.colcon_core.package_identification:_identify(src) by extension 'python'
[0.175s] Level 1:colcon.colcon_core.package_identification:_identify(src) by extensions ['python_setup_py']
[0.175s] Level 1:colcon.colcon_core.package_identification:_identify(src) by extension 'python_setup_py'
[0.175s] Level 1:colcon.colcon_core.package_identification:_identify(src/controller) by extensions ['ignore', 'ignore_ament_install']
[0.175s] Level 1:colcon.colcon_core.package_identification:_identify(src/controller) by extension 'ignore'
[0.175s] Level 1:colcon.colcon_core.package_identification:_identify(src/controller) by extension 'ignore_ament_install'
[0.175s] Level 1:colcon.colcon_core.package_identification:_identify(src/controller) by extensions ['colcon_pkg']
[0.175s] Level 1:colcon.colcon_core.package_identification:_identify(src/controller) by extension 'colcon_pkg'
[0.175s] Level 1:colcon.colcon_core.package_identification:_identify(src/controller) by extensions ['colcon_meta']
[0.175s] Level 1:colcon.colcon_core.package_identification:_identify(src/controller) by extension 'colcon_meta'
[0.175s] Level 1:colcon.colcon_core.package_identification:_identify(src/controller) by extensions ['ros']
[0.175s] Level 1:colcon.colcon_core.package_identification:_identify(src/controller) by extension 'ros'
[0.176s] DEBUG:colcon.colcon_core.package_identification:Package 'src/controller' with type 'ros.ament_cmake' and name 'controller'
[0.176s] Level 1:colcon.colcon_core.package_discovery:discover_packages(recursive) using defaults
[0.177s] Level 1:colcon.colcon_core.package_discovery:discover_packages(ignore) discover
[0.177s] Level 1:colcon.colcon_core.package_discovery:discover_packages(ignore) using defaults
[0.177s] Level 1:colcon.colcon_core.package_discovery:discover_packages(path) discover
[0.177s] Level 1:colcon.colcon_core.package_discovery:discover_packages(path) using defaults
[0.200s] Level 1:colcon.colcon_core.package_discovery:discover_packages(prefix_path) check parameters
[0.200s] Level 1:colcon.colcon_core.package_discovery:discover_packages(prefix_path) discover
[0.201s] DEBUG:colcon.colcon_installed_package_information.package_discovery:Found 278 installed packages in /opt/ros/humble
[0.202s] Level 1:colcon.colcon_core.package_discovery:discover_packages(prefix_path) using defaults
[0.221s] Level 5:colcon.colcon_core.verb:set package 'controller' build argument 'cmake_args' from command line to 'None'
[0.221s] Level 5:colcon.colcon_core.verb:set package 'controller' build argument 'cmake_target' from command line to 'None'
[0.222s] Level 5:colcon.colcon_core.verb:set package 'controller' build argument 'cmake_target_skip_unavailable' from command line to 'False'
[0.222s] Level 5:colcon.colcon_core.verb:set package 'controller' build argument 'cmake_clean_cache' from command line to 'False'
[0.222s] Level 5:colcon.colcon_core.verb:set package 'controller' build argument 'cmake_clean_first' from command line to 'False'
[0.222s] Level 5:colcon.colcon_core.verb:set package 'controller' build argument 'cmake_force_configure' from command line to 'False'
[0.222s] Level 5:colcon.colcon_core.verb:set package 'controller' build argument 'ament_cmake_args' from command line to 'None'
[0.222s] Level 5:colcon.colcon_core.verb:set package 'controller' build argument 'catkin_cmake_args' from command line to 'None'
[0.222s] Level 5:colcon.colcon_core.verb:set package 'controller' build argument 'catkin_skip_building_tests' from command line to 'False'
[0.222s] DEBUG:colcon.colcon_core.verb:Building package 'controller' with the following arguments: {'ament_cmake_args': None, 'build_base': '/home/lizhou/Desktop/Humanoid/H10_W/h10_sdk/Controller/fastdds_ws/build/controller', 'catkin_cmake_args': None, 'catkin_skip_building_tests': False, 'cmake_args': None, 'cmake_clean_cache': False, 'cmake_clean_first': False, 'cmake_force_configure': False, 'cmake_target': None, 'cmake_target_skip_unavailable': False, 'install_base': '/home/lizhou/Desktop/Humanoid/H10_W/h10_sdk/Controller/fastdds_ws/install/controller', 'merge_install': False, 'path': '/home/lizhou/Desktop/Humanoid/H10_W/h10_sdk/Controller/fastdds_ws/src/controller', 'symlink_install': False, 'test_result_base': None}
[0.222s] INFO:colcon.colcon_core.executor:Executing jobs using 'parallel' executor
[0.222s] DEBUG:colcon.colcon_parallel_executor.executor.parallel:run_until_complete
[0.223s] INFO:colcon.colcon_ros.task.ament_cmake.build:Building ROS package in '/home/lizhou/Desktop/Humanoid/H10_W/h10_sdk/Controller/fastdds_ws/src/controller' with build type 'ament_cmake'
[0.223s] INFO:colcon.colcon_cmake.task.cmake.build:Building CMake package in '/home/lizhou/Desktop/Humanoid/H10_W/h10_sdk/Controller/fastdds_ws/src/controller'
[0.224s] INFO:colcon.colcon_core.plugin_system:Skipping extension 'colcon_core.shell.bat': Not used on non-Windows systems
[0.224s] INFO:colcon.colcon_core.shell:Skip shell extension 'powershell' for command environment: Not usable outside of PowerShell
[0.224s] DEBUG:colcon.colcon_core.shell:Skip shell extension 'dsv' for command environment
[0.231s] DEBUG:colcon.colcon_core.event_handler.log_command:Invoking command in '/home/lizhou/Desktop/Humanoid/H10_W/h10_sdk/Controller/fastdds_ws/build/controller': CMAKE_PREFIX_PATH=/opt/ros/humble /usr/bin/cmake /home/lizhou/Desktop/Humanoid/H10_W/h10_sdk/Controller/fastdds_ws/src/controller -DCMAKE_INSTALL_PREFIX=/home/lizhou/Desktop/Humanoid/H10_W/h10_sdk/Controller/fastdds_ws/install/controller
[2.013s] DEBUG:colcon.colcon_core.event_handler.log_command:Invoked command in '/home/lizhou/Desktop/Humanoid/H10_W/h10_sdk/Controller/fastdds_ws/build/controller' returned '0': CMAKE_PREFIX_PATH=/opt/ros/humble /usr/bin/cmake /home/lizhou/Desktop/Humanoid/H10_W/h10_sdk/Controller/fastdds_ws/src/controller -DCMAKE_INSTALL_PREFIX=/home/lizhou/Desktop/Humanoid/H10_W/h10_sdk/Controller/fastdds_ws/install/controller
[2.015s] DEBUG:colcon.colcon_core.event_handler.log_command:Invoking command in '/home/lizhou/Desktop/Humanoid/H10_W/h10_sdk/Controller/fastdds_ws/build/controller': CMAKE_PREFIX_PATH=/opt/ros/humble /usr/bin/cmake --build /home/lizhou/Desktop/Humanoid/H10_W/h10_sdk/Controller/fastdds_ws/build/controller -- -j12 -l12
[40.281s] DEBUG:colcon.colcon_core.event_handler.log_command:Invoked command in '/home/lizhou/Desktop/Humanoid/H10_W/h10_sdk/Controller/fastdds_ws/build/controller' returned '0': CMAKE_PREFIX_PATH=/opt/ros/humble /usr/bin/cmake --build /home/lizhou/Desktop/Humanoid/H10_W/h10_sdk/Controller/fastdds_ws/build/controller -- -j12 -l12
[40.296s] DEBUG:colcon.colcon_core.event_handler.log_command:Invoking command in '/home/lizhou/Desktop/Humanoid/H10_W/h10_sdk/Controller/fastdds_ws/build/controller': CMAKE_PREFIX_PATH=/opt/ros/humble /usr/bin/cmake --install /home/lizhou/Desktop/Humanoid/H10_W/h10_sdk/Controller/fastdds_ws/build/controller
[40.754s] Level 1:colcon.colcon_core.environment:create_environment_scripts_only(controller)
[40.755s] DEBUG:colcon.colcon_core.event_handler.log_command:Invoked command in '/home/lizhou/Desktop/Humanoid/H10_W/h10_sdk/Controller/fastdds_ws/build/controller' returned '0': CMAKE_PREFIX_PATH=/opt/ros/humble /usr/bin/cmake --install /home/lizhou/Desktop/Humanoid/H10_W/h10_sdk/Controller/fastdds_ws/build/controller
[40.760s] Level 1:colcon.colcon_core.environment:checking '/home/lizhou/Desktop/Humanoid/H10_W/h10_sdk/Controller/fastdds_ws/install/controller' for CMake module files
[40.762s] Level 1:colcon.colcon_core.environment:checking '/home/lizhou/Desktop/Humanoid/H10_W/h10_sdk/Controller/fastdds_ws/install/controller' for CMake config files
[40.762s] Level 1:colcon.colcon_core.shell:create_environment_hook('controller', 'cmake_prefix_path')
[40.763s] INFO:colcon.colcon_core.shell:Creating environment hook '/home/lizhou/Desktop/Humanoid/H10_W/h10_sdk/Controller/fastdds_ws/install/controller/share/controller/hook/cmake_prefix_path.ps1'
[40.764s] INFO:colcon.colcon_core.shell:Creating environment descriptor '/home/lizhou/Desktop/Humanoid/H10_W/h10_sdk/Controller/fastdds_ws/install/controller/share/controller/hook/cmake_prefix_path.dsv'
[40.765s] INFO:colcon.colcon_core.shell:Creating environment hook '/home/lizhou/Desktop/Humanoid/H10_W/h10_sdk/Controller/fastdds_ws/install/controller/share/controller/hook/cmake_prefix_path.sh'
[40.767s] Level 1:colcon.colcon_core.environment:checking '/home/lizhou/Desktop/Humanoid/H10_W/h10_sdk/Controller/fastdds_ws/install/controller/lib'
[40.767s] Level 1:colcon.colcon_core.shell:create_environment_hook('controller', 'ld_library_path_lib')
[40.767s] INFO:colcon.colcon_core.shell:Creating environment hook '/home/lizhou/Desktop/Humanoid/H10_W/h10_sdk/Controller/fastdds_ws/install/controller/share/controller/hook/ld_library_path_lib.ps1'
[40.768s] INFO:colcon.colcon_core.shell:Creating environment descriptor '/home/lizhou/Desktop/Humanoid/H10_W/h10_sdk/Controller/fastdds_ws/install/controller/share/controller/hook/ld_library_path_lib.dsv'
[40.769s] INFO:colcon.colcon_core.shell:Creating environment hook '/home/lizhou/Desktop/Humanoid/H10_W/h10_sdk/Controller/fastdds_ws/install/controller/share/controller/hook/ld_library_path_lib.sh'
[40.770s] Level 1:colcon.colcon_core.environment:checking '/home/lizhou/Desktop/Humanoid/H10_W/h10_sdk/Controller/fastdds_ws/install/controller/bin'
[40.770s] Level 1:colcon.colcon_core.environment:checking '/home/lizhou/Desktop/Humanoid/H10_W/h10_sdk/Controller/fastdds_ws/install/controller/lib/pkgconfig/controller.pc'
[40.771s] Level 1:colcon.colcon_core.environment:checking '/home/lizhou/Desktop/Humanoid/H10_W/h10_sdk/Controller/fastdds_ws/install/controller/lib/python3.10/site-packages'
[40.771s] Level 1:colcon.colcon_core.environment:checking '/home/lizhou/Desktop/Humanoid/H10_W/h10_sdk/Controller/fastdds_ws/install/controller/bin'
[40.772s] INFO:colcon.colcon_core.shell:Creating package script '/home/lizhou/Desktop/Humanoid/H10_W/h10_sdk/Controller/fastdds_ws/install/controller/share/controller/package.ps1'
[40.774s] INFO:colcon.colcon_core.shell:Creating package descriptor '/home/lizhou/Desktop/Humanoid/H10_W/h10_sdk/Controller/fastdds_ws/install/controller/share/controller/package.dsv'
[40.775s] INFO:colcon.colcon_core.shell:Creating package script '/home/lizhou/Desktop/Humanoid/H10_W/h10_sdk/Controller/fastdds_ws/install/controller/share/controller/package.sh'
[40.776s] INFO:colcon.colcon_core.shell:Creating package script '/home/lizhou/Desktop/Humanoid/H10_W/h10_sdk/Controller/fastdds_ws/install/controller/share/controller/package.bash'
[40.777s] INFO:colcon.colcon_core.shell:Creating package script '/home/lizhou/Desktop/Humanoid/H10_W/h10_sdk/Controller/fastdds_ws/install/controller/share/controller/package.zsh'
[40.778s] Level 1:colcon.colcon_core.environment:create_file_with_runtime_dependencies(/home/lizhou/Desktop/Humanoid/H10_W/h10_sdk/Controller/fastdds_ws/install/controller/share/colcon-core/packages/controller)
[40.780s] Level 1:colcon.colcon_core.environment:create_environment_scripts_only(controller)
[40.780s] Level 1:colcon.colcon_core.environment:checking '/home/lizhou/Desktop/Humanoid/H10_W/h10_sdk/Controller/fastdds_ws/install/controller' for CMake module files
[40.781s] Level 1:colcon.colcon_core.environment:checking '/home/lizhou/Desktop/Humanoid/H10_W/h10_sdk/Controller/fastdds_ws/install/controller' for CMake config files
[40.781s] Level 1:colcon.colcon_core.shell:create_environment_hook('controller', 'cmake_prefix_path')
[40.782s] INFO:colcon.colcon_core.shell:Creating environment hook '/home/lizhou/Desktop/Humanoid/H10_W/h10_sdk/Controller/fastdds_ws/install/controller/share/controller/hook/cmake_prefix_path.ps1'
[40.783s] INFO:colcon.colcon_core.shell:Creating environment descriptor '/home/lizhou/Desktop/Humanoid/H10_W/h10_sdk/Controller/fastdds_ws/install/controller/share/controller/hook/cmake_prefix_path.dsv'
[40.783s] INFO:colcon.colcon_core.shell:Creating environment hook '/home/lizhou/Desktop/Humanoid/H10_W/h10_sdk/Controller/fastdds_ws/install/controller/share/controller/hook/cmake_prefix_path.sh'
[40.784s] Level 1:colcon.colcon_core.environment:checking '/home/lizhou/Desktop/Humanoid/H10_W/h10_sdk/Controller/fastdds_ws/install/controller/lib'
[40.784s] Level 1:colcon.colcon_core.shell:create_environment_hook('controller', 'ld_library_path_lib')
[40.785s] INFO:colcon.colcon_core.shell:Creating environment hook '/home/lizhou/Desktop/Humanoid/H10_W/h10_sdk/Controller/fastdds_ws/install/controller/share/controller/hook/ld_library_path_lib.ps1'
[40.786s] INFO:colcon.colcon_core.shell:Creating environment descriptor '/home/lizhou/Desktop/Humanoid/H10_W/h10_sdk/Controller/fastdds_ws/install/controller/share/controller/hook/ld_library_path_lib.dsv'
[40.787s] INFO:colcon.colcon_core.shell:Creating environment hook '/home/lizhou/Desktop/Humanoid/H10_W/h10_sdk/Controller/fastdds_ws/install/controller/share/controller/hook/ld_library_path_lib.sh'
[40.788s] Level 1:colcon.colcon_core.environment:checking '/home/lizhou/Desktop/Humanoid/H10_W/h10_sdk/Controller/fastdds_ws/install/controller/bin'
[40.789s] Level 1:colcon.colcon_core.environment:checking '/home/lizhou/Desktop/Humanoid/H10_W/h10_sdk/Controller/fastdds_ws/install/controller/lib/pkgconfig/controller.pc'
[40.789s] Level 1:colcon.colcon_core.environment:checking '/home/lizhou/Desktop/Humanoid/H10_W/h10_sdk/Controller/fastdds_ws/install/controller/lib/python3.10/site-packages'
[40.789s] Level 1:colcon.colcon_core.environment:checking '/home/lizhou/Desktop/Humanoid/H10_W/h10_sdk/Controller/fastdds_ws/install/controller/bin'
[40.790s] INFO:colcon.colcon_core.shell:Creating package script '/home/lizhou/Desktop/Humanoid/H10_W/h10_sdk/Controller/fastdds_ws/install/controller/share/controller/package.ps1'
[40.791s] INFO:colcon.colcon_core.shell:Creating package descriptor '/home/lizhou/Desktop/Humanoid/H10_W/h10_sdk/Controller/fastdds_ws/install/controller/share/controller/package.dsv'
[40.792s] INFO:colcon.colcon_core.shell:Creating package script '/home/lizhou/Desktop/Humanoid/H10_W/h10_sdk/Controller/fastdds_ws/install/controller/share/controller/package.sh'
[40.792s] INFO:colcon.colcon_core.shell:Creating package script '/home/lizhou/Desktop/Humanoid/H10_W/h10_sdk/Controller/fastdds_ws/install/controller/share/controller/package.bash'
[40.793s] INFO:colcon.colcon_core.shell:Creating package script '/home/lizhou/Desktop/Humanoid/H10_W/h10_sdk/Controller/fastdds_ws/install/controller/share/controller/package.zsh'
[40.794s] Level 1:colcon.colcon_core.environment:create_file_with_runtime_dependencies(/home/lizhou/Desktop/Humanoid/H10_W/h10_sdk/Controller/fastdds_ws/install/controller/share/colcon-core/packages/controller)
[40.794s] DEBUG:colcon.colcon_parallel_executor.executor.parallel:closing loop
[40.794s] DEBUG:colcon.colcon_parallel_executor.executor.parallel:loop closed
[40.795s] DEBUG:colcon.colcon_parallel_executor.executor.parallel:run_until_complete finished with '0'
[40.795s] DEBUG:colcon.colcon_core.event_reactor:joining thread
[40.807s] INFO:colcon.colcon_core.plugin_system:Skipping extension 'colcon_notification.desktop_notification.terminal_notifier': Not used on non-Darwin systems
[40.808s] INFO:colcon.colcon_core.plugin_system:Skipping extension 'colcon_notification.desktop_notification.win32': Not used on non-Windows systems
[40.808s] INFO:colcon.colcon_notification.desktop_notification:Sending desktop notification using 'notify2'
[40.823s] DEBUG:colcon.colcon_core.event_reactor:joined thread
[40.823s] INFO:colcon.colcon_core.shell:Creating prefix script '/home/lizhou/Desktop/Humanoid/H10_W/h10_sdk/Controller/fastdds_ws/install/local_setup.ps1'
[40.825s] INFO:colcon.colcon_core.shell:Creating prefix util module '/home/lizhou/Desktop/Humanoid/H10_W/h10_sdk/Controller/fastdds_ws/install/_local_setup_util_ps1.py'
[40.827s] INFO:colcon.colcon_core.shell:Creating prefix chain script '/home/lizhou/Desktop/Humanoid/H10_W/h10_sdk/Controller/fastdds_ws/install/setup.ps1'
[40.829s] INFO:colcon.colcon_core.shell:Creating prefix script '/home/lizhou/Desktop/Humanoid/H10_W/h10_sdk/Controller/fastdds_ws/install/local_setup.sh'
[40.830s] INFO:colcon.colcon_core.shell:Creating prefix util module '/home/lizhou/Desktop/Humanoid/H10_W/h10_sdk/Controller/fastdds_ws/install/_local_setup_util_sh.py'
[40.831s] INFO:colcon.colcon_core.shell:Creating prefix chain script '/home/lizhou/Desktop/Humanoid/H10_W/h10_sdk/Controller/fastdds_ws/install/setup.sh'
[40.832s] INFO:colcon.colcon_core.shell:Creating prefix script '/home/lizhou/Desktop/Humanoid/H10_W/h10_sdk/Controller/fastdds_ws/install/local_setup.bash'
[40.833s] INFO:colcon.colcon_core.shell:Creating prefix chain script '/home/lizhou/Desktop/Humanoid/H10_W/h10_sdk/Controller/fastdds_ws/install/setup.bash'
[40.834s] INFO:colcon.colcon_core.shell:Creating prefix script '/home/lizhou/Desktop/Humanoid/H10_W/h10_sdk/Controller/fastdds_ws/install/local_setup.zsh'
[40.836s] INFO:colcon.colcon_core.shell:Creating prefix chain script '/home/lizhou/Desktop/Humanoid/H10_W/h10_sdk/Controller/fastdds_ws/install/setup.zsh'
